Arguments: 
  C:\Program Files\nodejs\node.exe C:\Users\thinkpad\AppData\Roaming\npm\node_modules\yarn\bin\yarn.js install

PATH: 
  C:\WINDOWS\system32;C:\WINDOWS;C:\WINDOWS\System32\Wbem;C:\WINDOWS\System32\WindowsPowerShell\v1.0\;C:\WINDOWS\System32\OpenSSH\;C:\Program Files\Java\jdk-14.0.1\bin;D:\apache\apache-maven-3.8.4\bin;D:\apache\apache-maven-3.8.4\bin;C:\git\Git\cmd;C:\git\Git\mingw64\bin;C:\git\Git\usr\bin;C:\Program Files\nodejs\;C:\Program Files\Redis\;C:\Program Files (x86)\NetSarang\Xshell 7\;C:\Program Files (x86)\NetSarang\Xftp 7\;C:\Program Files (x86)\Tencent\微信web开发者工具\dll;C:\Program Files\MySQL\MySQL Shell 8.0\bin\;C:\Users\thinkpad\AppData\Local\Microsoft\WindowsApps;C:\intellij idea\IntelliJ IDEA 2021.3.1\bin;;C:\pycharm\PyCharm 2021.3.1\bin;;C:\Users\thinkpad\AppData\Roaming\npm;;D:\webProject\south-gate -express-front\node_modules\.bin

Yarn version: 
  1.22.17

Node version: 
  16.14.0

Platform: 
  win32 x64

Trace: 
  Error: certificate has expired
      at TLSSocket.onConnectSecure (node:_tls_wrap:1530:34)
      at TLSSocket.emit (node:events:520:28)
      at TLSSocket._finishInit (node:_tls_wrap:944:8)
      at TLSWrap.ssl.onhandshakedone (node:_tls_wrap:725:12)

npm manifest: 
  {
    "name": "vue-antd-pro",
    "version": "2.1.0",
    "private": true,
    "scripts": {
      "serve": "vue-cli-service serve",
      "build": "vue-cli-service build",
      "test:unit": "vue-cli-service test:unit",
      "build:preview": "vue-cli-service build --mode preview",
      "postinstall": "opencollective-postinstall"
    },
    "dependencies": {
      "@antv/data-set": "^0.10.2",
      "ant-design-vue": "1.5.0-rc.6",
      "axios": "^0.19.0",
      "babel-polyfill": "^6.26.0",
      "clipboard": "^2.0.6",
      "compression-webpack-plugin": "5.0.1",
      "core-js": "^3.1.2",
      "crypto-js": "^4.0.0",
      "default-passive-events": "^1.0.10",
      "enquire.js": "^2.1.6",
      "font-awesome": "^4.7.0",
      "jquery": "^3.5.1",
      "lodash.clonedeep": "^4.5.0",
      "lodash.get": "^4.4.2",
      "lodash.pick": "^4.4.0",
      "md5": "^2.2.1",
      "mockjs2": "1.0.8",
      "moment": "^2.24.0",
      "nprogress": "^0.2.0",
      "print-js": "^1.0.63",
      "raphael": "^2.3.0",
      "screenfull": "^5.1.0",
      "sm-crypto": "^0.3.6",
      "viser-vue": "^2.4.6",
      "vue": "2.6.10",
      "vue-clipboard2": "^0.2.1",
      "vue-codemirror-lite": "^1.0.4",
      "vue-cropper": "0.4.9",
      "vue-ls": "^3.2.1",
      "vue-quill-editor": "^3.0.6",
      "vue-router": "^3.1.2",
      "vue-svg-component-runtime": "^1.0.1",
      "vuedraggable": "^2.23.2",
      "vuex": "^3.1.1",
      "wangeditor": "^3.1.1"
    },
    "devDependencies": {
      "@ant-design/colors": "^3.2.1",
      "@vue/cli-plugin-babel": "^4.0.4",
      "@vue/cli-plugin-eslint": "^4.0.4",
      "@vue/cli-plugin-router": "^4.0.4",
      "@vue/cli-plugin-unit-jest": "^4.0.4",
      "@vue/cli-plugin-vuex": "^4.0.4",
      "@vue/cli-service": "^4.0.4",
      "@vue/eslint-config-prettier": "^5.0.0",
      "@vue/eslint-config-standard": "^4.0.0",
      "@vue/test-utils": "^1.0.0-beta.29",
      "babel-eslint": "^10.0.1",
      "babel-plugin-import": "^1.13.0",
      "babel-plugin-transform-remove-console": "^6.9.4",
      "eslint": "^6.8.0",
      "eslint-plugin-html": "^5.0.0",
      "eslint-plugin-prettier": "^3.1.0",
      "eslint-plugin-vue": "^5.2.3",
      "less": "^3.0.4",
      "less-loader": "^5.0.0",
      "opencollective": "^1.0.3",
      "opencollective-postinstall": "^2.0.2",
      "prettier": "^1.18.2",
      "vue-svg-icon-loader": "^2.1.1",
      "vue-template-compiler": "2.6.10",
      "webpack-theme-color-replacer": "1.3.18"
    },
    "collective": {
      "type": "opencollective",
      "url": "https://opencollective.com/ant-design-pro-vue"
    },
    "main": ".eslintrc.js",
    "directories": {
      "test": "tests"
    },
    "keywords": [],
    "author": "",
    "license": "ISC",
    "description": ""
  }

yarn manifest: 
  No manifest

Lockfile: 
  No lockfile
